<?xml version="1.0" encoding="UTF-8"?>
<testng-results skipped="0" failed="0" ignored="0" total="2" passed="2">
  <reporter-output>
  </reporter-output>
  <suite name="Suite" duration-ms="38735" started-at="2020-03-17T19:53:57 IST" finished-at="2020-03-17T19:54:36 IST">
    <groups>
    </groups>
    <test name="Test" duration-ms="38735" started-at="2020-03-17T19:53:57 IST" finished-at="2020-03-17T19:54:36 IST">
      <class name="suite1.TestCase1">
        <test-method status="PASS" signature="TestCase11()[pri:0, instance:suite1.TestCase1@1e88b3c]" name="TestCase11" duration-ms="29140" started-at="2020-03-17T19:53:57 IST" finished-at="2020-03-17T19:54:26 IST">
          <reporter-output>
          </reporter-output>
        </test-method> <!-- TestCase11 -->
      </class> <!-- suite1.TestCase1 -->
      <class name="suite2.TestCase2">
        <test-method status="PASS" signature="verificationOftestingWorld()[pri:0, instance:suite2.TestCase2@42d80b78]" name="verificationOftestingWorld" duration-ms="9524" started-at="2020-03-17T19:54:26 IST" finished-at="2020-03-17T19:54:36 IST">
          <reporter-output>
          </reporter-output>
        </test-method> <!-- verificationOftestingWorld -->
        <test-method status="PASS" signature="tearDown()[pri:0, instance:suite2.TestCase2@42d80b78]" name="tearDown" is-config="true" duration-ms="684" started-at="2020-03-17T19:54:36 IST" finished-at="2020-03-17T19:54:36 IST">
          <reporter-output>
          </reporter-output>
        </test-method> <!-- tearDown -->
      </class> <!-- suite2.TestCase2 -->
    </test> <!-- Test -->
  </suite> <!-- Suite -->
</testng-results>
