<?xml version="1.0" encoding="UTF-8"?>
<!-- Generated by org.testng.reporters.JUnitXMLReporter -->
<testsuite hostname="Mahesh-PC" ignored="0" name="Test" tests="2" failures="1" timestamp="2020-03-15T17:41:36 IST" time="23.299" errors="0">
  <testcase name="TestCase11" time="15.539" classname="suite1.TestCase1"/>
  <testcase name="verificationOftestingWorld" time="7.562" classname="suite2.TestCase2">
    <failure type="java.lang.AssertionError" message="The following asserts failed:
	expected [Welcome To My Testing Words] but found [Welcome To My Testing words]">
      <![CDATA[java.lang.AssertionError: The following asserts failed:
expected [Welcome To My Testing Words] but found [Welcome To My Testing words]
at suite2.TestCase2.verificationOftestingWorld(TestCase2.java:27)
at java.util.ArrayList.forEach(ArrayList.java:1257)
... Removed 29 stack frames]]>
    </failure>
  </testcase> <!-- verificationOftestingWorld -->
</testsuite> <!-- Test -->
